<?xml version="1.0" encoding="UTF-8"?>
<testsuite name="TestSuite" time="32.552" tests="31" errors="0" skipped="7" failures="5">
  <properties>
[...]
</properties>
  <testcase name="hardAssertTest" classname="com.simplilearn.testng.AssertionTest" time="0.032"/>
  <testcase name="launchChrome" classname="com.simplilearn.testng.group.BrowserBasedGroupTest" time="0.18">
    <failure message="chromedriver located at drivers/windows/chromedriver.exe, but invalid&#10;For documentation on this error, please visit: https://www.selenium.dev/documentation/webdriver/troubleshooting/errors/driver_location/&#10;Build info: version: &apos;4.15.0&apos;, revision: &apos;1d14b5521b&apos;&#10;System info: os.name: &apos;Windows 10&apos;, os.arch: &apos;amd64&apos;, os.version: &apos;10.0&apos;, java.version: &apos;17.0.9&apos;&#10;Driver info: driver.version: ChromeDriver" type="org.openqa.selenium.remote.NoSuchDriverException"><![CDATA[org.openqa.selenium.remote.NoSuchDriverException: chromedriver located at drivers/windows/chromedriver.exe, but invalid
For documentation on this error, please visit: https://www.selenium.dev/documentation/webdriver/troubleshooting/errors/driver_location/
Build info: version: '4.15.0', revision: '1d14b5521b'
System info: os.name: 'Windows 10', os.arch: 'amd64', os.version: '10.0', java.version: '17.0.9'
Driver info: driver.version: ChromeDriver
	at org.openqa.selenium.remote.service.DriverFinder.getPath(DriverFinder.java:45)
	at org.openqa.selenium.remote.service.DriverFinder.getPath(DriverFinder.java:13)
	at org.openqa.selenium.chrome.ChromeDriver.generateExecutor(ChromeDriver.java:100)
	at org.openqa.selenium.chrome.ChromeDriver.<init>(ChromeDriver.java:89)
	at org.openqa.selenium.chrome.ChromeDriver.<init>(ChromeDriver.java:84)
	at org.openqa.selenium.chrome.ChromeDriver.<init>(ChromeDriver.java:52)
	at com.simplilearn.testng.group.BrowserBasedGroupTest.launchChrome(BrowserBasedGroupTest.java:43)
]]></failure>
  </testcase>
  <testcase name="launchFireFoxTest" classname="com.simplilearn.testng.group.BrowserBasedGroupTest" time="8.983"/>
  <testcase name="linkTest1" classname="com.simplilearn.testng.amazon.AmazonLinkVerificationTest" time="4.425"/>
  <testcase name="linkTest2" classname="com.simplilearn.testng.amazon.AmazonLinkVerificationTest" time="2.584"/>
  <testcase name="r1" classname="com.simplilearn.testng.AttributeGroupTest" time="0.002"/>
  <testcase name="r2" classname="com.simplilearn.testng.AttributeGroupTest" time="0.213">
    <failure message="Method com.simplilearn.testng.AttributeGroupTest.r2() didn&apos;t finish within the time-out 200" type="org.testng.internal.thread.ThreadTimeoutException">org.testng.internal.thread.ThreadTimeoutException: Method com.simplilearn.testng.AttributeGroupTest.r2() didn't finish within the time-out 200
	at java.base@17.0.9/java.lang.Thread.sleep(Native Method)
	at app//com.simplilearn.testng.AttributeGroupTest.r2(AttributeGroupTest.java:45)
</failure>
  </testcase>
  <testcase name="r3" classname="com.simplilearn.testng.AttributeGroupTest" time="0">
    <skipped/>
  </testcase>
  <testcase name="softAssertTest" classname="com.simplilearn.testng.AssertionTest" time="0.011"/>
  <testcase name="tdLinkTest1" classname="com.simplilearn.testng.amazon.AmazonLinkVerificationCssSelectorTest" time="4.992"/>
  <testcase name="tdLinkTest2" classname="com.simplilearn.testng.amazon.AmazonLinkVerificationCssSelectorTest" time="1.913"/>
  <testcase name="testAmazonHomePageSourceUrl" classname="com.simplilearn.testng.amazon.AmazonHomePageTest" time="0.007"/>
  <testcase name="testAmazonHomePageTitle" classname="com.simplilearn.testng.amazon.AmazonHomePageTest" time="0.016"/>
  <testcase name="testAmazonHomePageTitle2" classname="com.simplilearn.testng.amazon.AmazonHomePageTest" time="0.026"/>
  <testcase name="testAsserts" classname="com.simplilearn.testng.AssertionTest" time="0"/>
  <testcase name="testOne" classname="com.simplilearn.testng.TestNgStandardAnnotationTest" time="0.002"/>
  <testcase name="testSearch1" classname="com.simplilearn.testng.amazon.AmazonSearchTest" time="2.914"/>
  <testcase name="testSearch2" classname="com.simplilearn.testng.amazon.AmazonSearchTest" time="2.382"/>
  <testcase name="testTwo" classname="com.simplilearn.testng.TestNgStandardAnnotationTest" time="0.001"/>
  <testcase name="xpathLinkTest1" classname="com.simplilearn.testng.amazon.AmazonLinkVerificationXpathTest" time="3.5"/>
  <testcase name="xpathLinkTest2" classname="com.simplilearn.testng.amazon.AmazonLinkVerificationXpathTest" time="0.196">
    <failure message="Unable to locate element: /html/body/div[1]/header/div/div[4]/div[2]/div[2]/div/a[5]&#10;For documentation on this error, please visit: https://www.selenium.dev/documentation/webdriver/troubleshooting/errors#no-such-element-exception&#10;Build info: version: &apos;4.15.0&apos;, revision: &apos;1d14b5521b&apos;&#10;System info: os.name: &apos;Windows 10&apos;, os.arch: &apos;amd64&apos;, os.version: &apos;10.0&apos;, java.version: &apos;17.0.9&apos;&#10;Driver info: org.openqa.selenium.firefox.FirefoxDriver&#10;Command: [2592105a-8b97-4672-adbd-0ca46ca06ab1, findElement {using=xpath, value=/html/body/div[1]/header/div/div[4]/div[2]/div[2]/div/a[5]}]&#10;Capabilities {acceptInsecureCerts: true, browserName: firefox, browserVersion: 121.0, moz:accessibilityChecks: false, moz:buildID: 20231211174248, moz:debuggerAddress: 127.0.0.1:32507, moz:geckodriverVersion: 0.33.0, moz:headless: false, moz:platformVersion: 10.0, moz:processID: 18704, moz:profile: C:\Users\Dell\AppData\Local..., moz:shutdownTimeout: 60000, moz:webdriverClick: true, moz:windowless: false, pageLoadStrategy: normal, platformName: windows, proxy: Proxy(), se:cdp: ws://127.0.0.1:32507/devtoo..., se:cdpVersion: 85.0, setWindowRect: true, strictFileInteractability: false, timeouts: {implicit: 0, pageLoad: 300000, script: 30000}, unhandledPromptBehavior: dismiss and notify}&#10;Session ID: 2592105a-8b97-4672-adbd-0ca46ca06ab1" type="org.openqa.selenium.NoSuchElementException">org.openqa.selenium.NoSuchElementException: Unable to locate element: /html/body/div[1]/header/div/div[4]/div[2]/div[2]/div/a[5]
For documentation on this error, please visit: https://www.selenium.dev/documentation/webdriver/troubleshooting/errors#no-such-element-exception
Build info: version: '4.15.0', revision: '1d14b5521b'
System info: os.name: 'Windows 10', os.arch: 'amd64', os.version: '10.0', java.version: '17.0.9'
Driver info: org.openqa.selenium.firefox.FirefoxDriver
Command: [2592105a-8b97-4672-adbd-0ca46ca06ab1, findElement {using=xpath, value=/html/body/div[1]/header/div/div[4]/div[2]/div[2]/div/a[5]}]
Capabilities {acceptInsecureCerts: true, browserName: firefox, browserVersion: 121.0, moz:accessibilityChecks: false, moz:buildID: 20231211174248, moz:debuggerAddress: 127.0.0.1:32507, moz:geckodriverVersion: 0.33.0, moz:headless: false, moz:platformVersion: 10.0, moz:processID: 18704, moz:profile: C:\Users\Dell\AppData\Local..., moz:shutdownTimeout: 60000, moz:webdriverClick: true, moz:windowless: false, pageLoadStrategy: normal, platformName: windows, proxy: Proxy(), se:cdp: ws://127.0.0.1:32507/devtoo..., se:cdpVersion: 85.0, setWindowRect: true, strictFileInteractability: false, timeouts: {implicit: 0, pageLoad: 300000, script: 30000}, unhandledPromptBehavior: dismiss and notify}
Session ID: 2592105a-8b97-4672-adbd-0ca46ca06ab1
	at java.base/jdk.internal.reflect.NativeConstructorAccessorImpl.newInstance0(Native Method)
	at java.base/jdk.internal.reflect.NativeConstructorAccessorImpl.newInstance(NativeConstructorAccessorImpl.java:77)
	at java.base/jdk.internal.reflect.DelegatingConstructorAccessorImpl.newInstance(DelegatingConstructorAccessorImpl.java:45)
	at java.base/java.lang.reflect.Constructor.newInstanceWithCaller(Constructor.java:499)
	at java.base/java.lang.reflect.Constructor.newInstance(Constructor.java:480)
	at org.openqa.selenium.remote.codec.w3c.W3CHttpResponseCodec.createException(W3CHttpResponseCodec.java:200)
	at org.openqa.selenium.remote.codec.w3c.W3CHttpResponseCodec.decode(W3CHttpResponseCodec.java:133)
	at org.openqa.selenium.remote.codec.w3c.W3CHttpResponseCodec.decode(W3CHttpResponseCodec.java:52)
	at org.openqa.selenium.remote.HttpCommandExecutor.execute(HttpCommandExecutor.java:191)
	at org.openqa.selenium.remote.service.DriverCommandExecutor.invokeExecute(DriverCommandExecutor.java:200)
	at org.openqa.selenium.remote.service.DriverCommandExecutor.execute(DriverCommandExecutor.java:175)
	at org.openqa.selenium.remote.RemoteWebDriver.execute(RemoteWebDriver.java:607)
	at org.openqa.selenium.remote.ElementLocation$ElementFinder$2.findElement(ElementLocation.java:165)
	at org.openqa.selenium.remote.ElementLocation.findElement(ElementLocation.java:59)
	at org.openqa.selenium.remote.RemoteWebDriver.findElement(RemoteWebDriver.java:364)
	at org.openqa.selenium.remote.RemoteWebDriver.findElement(RemoteWebDriver.java:358)
	at com.simplilearn.testng.amazon.AmazonLinkVerificationXpathTest.xpathLinkTest2(AmazonLinkVerificationXpathTest.java:67)
</failure>
  </testcase>
  <testcase name="testFaceBookHomePage" classname="com.simplilearn.testng.group.BrowserBasedGroupTest" time="0.167">
    <failure message="Failed to decode response from marionette&#10;Build info: version: &apos;4.15.0&apos;, revision: &apos;1d14b5521b&apos;&#10;System info: os.name: &apos;Windows 10&apos;, os.arch: &apos;amd64&apos;, os.version: &apos;10.0&apos;, java.version: &apos;17.0.9&apos;&#10;Driver info: org.openqa.selenium.firefox.FirefoxDriver&#10;Command: [ea23588a-6312-47e4-951c-8bd0fee0f3fb, getTitle {}]&#10;Capabilities {acceptInsecureCerts: true, browserName: firefox, browserVersion: 121.0, moz:accessibilityChecks: false, moz:buildID: 20231211174248, moz:debuggerAddress: 127.0.0.1:18051, moz:geckodriverVersion: 0.33.0, moz:headless: false, moz:platformVersion: 10.0, moz:processID: 25096, moz:profile: C:\Users\Dell\AppData\Local..., moz:shutdownTimeout: 60000, moz:webdriverClick: true, moz:windowless: false, pageLoadStrategy: normal, platformName: windows, proxy: Proxy(), se:cdp: ws://127.0.0.1:18051/devtoo..., se:cdpVersion: 85.0, setWindowRect: true, strictFileInteractability: false, timeouts: {implicit: 0, pageLoad: 300000, script: 30000}, unhandledPromptBehavior: dismiss and notify}&#10;Session ID: ea23588a-6312-47e4-951c-8bd0fee0f3fb" type="org.openqa.selenium.WebDriverException">org.openqa.selenium.WebDriverException: Failed to decode response from marionette
Build info: version: '4.15.0', revision: '1d14b5521b'
System info: os.name: 'Windows 10', os.arch: 'amd64', os.version: '10.0', java.version: '17.0.9'
Driver info: org.openqa.selenium.firefox.FirefoxDriver
Command: [ea23588a-6312-47e4-951c-8bd0fee0f3fb, getTitle {}]
Capabilities {acceptInsecureCerts: true, browserName: firefox, browserVersion: 121.0, moz:accessibilityChecks: false, moz:buildID: 20231211174248, moz:debuggerAddress: 127.0.0.1:18051, moz:geckodriverVersion: 0.33.0, moz:headless: false, moz:platformVersion: 10.0, moz:processID: 25096, moz:profile: C:\Users\Dell\AppData\Local..., moz:shutdownTimeout: 60000, moz:webdriverClick: true, moz:windowless: false, pageLoadStrategy: normal, platformName: windows, proxy: Proxy(), se:cdp: ws://127.0.0.1:18051/devtoo..., se:cdpVersion: 85.0, setWindowRect: true, strictFileInteractability: false, timeouts: {implicit: 0, pageLoad: 300000, script: 30000}, unhandledPromptBehavior: dismiss and notify}
Session ID: ea23588a-6312-47e4-951c-8bd0fee0f3fb
	at java.base/jdk.internal.reflect.NativeConstructorAccessorImpl.newInstance0(Native Method)
	at java.base/jdk.internal.reflect.NativeConstructorAccessorImpl.newInstance(NativeConstructorAccessorImpl.java:77)
	at java.base/jdk.internal.reflect.DelegatingConstructorAccessorImpl.newInstance(DelegatingConstructorAccessorImpl.java:45)
	at java.base/java.lang.reflect.Constructor.newInstanceWithCaller(Constructor.java:499)
	at java.base/java.lang.reflect.Constructor.newInstance(Constructor.java:480)
	at org.openqa.selenium.remote.codec.w3c.W3CHttpResponseCodec.createException(W3CHttpResponseCodec.java:200)
	at org.openqa.selenium.remote.codec.w3c.W3CHttpResponseCodec.decode(W3CHttpResponseCodec.java:133)
	at org.openqa.selenium.remote.codec.w3c.W3CHttpResponseCodec.decode(W3CHttpResponseCodec.java:52)
	at org.openqa.selenium.remote.HttpCommandExecutor.execute(HttpCommandExecutor.java:191)
	at org.openqa.selenium.remote.service.DriverCommandExecutor.invokeExecute(DriverCommandExecutor.java:200)
	at org.openqa.selenium.remote.service.DriverCommandExecutor.execute(DriverCommandExecutor.java:175)
	at org.openqa.selenium.remote.RemoteWebDriver.execute(RemoteWebDriver.java:607)
	at org.openqa.selenium.remote.RemoteWebDriver.execute(RemoteWebDriver.java:680)
	at org.openqa.selenium.remote.RemoteWebDriver.execute(RemoteWebDriver.java:684)
	at org.openqa.selenium.remote.RemoteWebDriver.getTitle(RemoteWebDriver.java:314)
	at com.simplilearn.testng.group.BrowserBasedGroupTest.testFaceBookHomePage(BrowserBasedGroupTest.java:105)
</failure>
  </testcase>
  <testcase name="testHomePageTitle" classname="com.simplilearn.testng.group.BrowserBasedGroupTest" time="0">
    <skipped/>
  </testcase>
  <testcase name="testFailureLogin" classname="com.simplilearn.testng.group.BrowserBasedGroupTest" time="0.005">
    <failure message="Tried to run command without establishing a connection&#10;Build info: version: &apos;4.15.0&apos;, revision: &apos;1d14b5521b&apos;&#10;System info: os.name: &apos;Windows 10&apos;, os.arch: &apos;amd64&apos;, os.version: &apos;10.0&apos;, java.version: &apos;17.0.9&apos;&#10;Driver info: org.openqa.selenium.firefox.FirefoxDriver&#10;Command: [ea23588a-6312-47e4-951c-8bd0fee0f3fb, findElement {using=id, value=email}]&#10;Capabilities {acceptInsecureCerts: true, browserName: firefox, browserVersion: 121.0, moz:accessibilityChecks: false, moz:buildID: 20231211174248, moz:debuggerAddress: 127.0.0.1:18051, moz:geckodriverVersion: 0.33.0, moz:headless: false, moz:platformVersion: 10.0, moz:processID: 25096, moz:profile: C:\Users\Dell\AppData\Local..., moz:shutdownTimeout: 60000, moz:webdriverClick: true, moz:windowless: false, pageLoadStrategy: normal, platformName: windows, proxy: Proxy(), se:cdp: ws://127.0.0.1:18051/devtoo..., se:cdpVersion: 85.0, setWindowRect: true, strictFileInteractability: false, timeouts: {implicit: 0, pageLoad: 300000, script: 30000}, unhandledPromptBehavior: dismiss and notify}&#10;Session ID: ea23588a-6312-47e4-951c-8bd0fee0f3fb" type="org.openqa.selenium.NoSuchSessionException">org.openqa.selenium.NoSuchSessionException: Tried to run command without establishing a connection
Build info: version: '4.15.0', revision: '1d14b5521b'
System info: os.name: 'Windows 10', os.arch: 'amd64', os.version: '10.0', java.version: '17.0.9'
Driver info: org.openqa.selenium.firefox.FirefoxDriver
Command: [ea23588a-6312-47e4-951c-8bd0fee0f3fb, findElement {using=id, value=email}]
Capabilities {acceptInsecureCerts: true, browserName: firefox, browserVersion: 121.0, moz:accessibilityChecks: false, moz:buildID: 20231211174248, moz:debuggerAddress: 127.0.0.1:18051, moz:geckodriverVersion: 0.33.0, moz:headless: false, moz:platformVersion: 10.0, moz:processID: 25096, moz:profile: C:\Users\Dell\AppData\Local..., moz:shutdownTimeout: 60000, moz:webdriverClick: true, moz:windowless: false, pageLoadStrategy: normal, platformName: windows, proxy: Proxy(), se:cdp: ws://127.0.0.1:18051/devtoo..., se:cdpVersion: 85.0, setWindowRect: true, strictFileInteractability: false, timeouts: {implicit: 0, pageLoad: 300000, script: 30000}, unhandledPromptBehavior: dismiss and notify}
Session ID: ea23588a-6312-47e4-951c-8bd0fee0f3fb
	at java.base/jdk.internal.reflect.NativeConstructorAccessorImpl.newInstance0(Native Method)
	at java.base/jdk.internal.reflect.NativeConstructorAccessorImpl.newInstance(NativeConstructorAccessorImpl.java:77)
	at java.base/jdk.internal.reflect.DelegatingConstructorAccessorImpl.newInstance(DelegatingConstructorAccessorImpl.java:45)
	at java.base/java.lang.reflect.Constructor.newInstanceWithCaller(Constructor.java:499)
	at java.base/java.lang.reflect.Constructor.newInstance(Constructor.java:480)
	at org.openqa.selenium.remote.codec.w3c.W3CHttpResponseCodec.createException(W3CHttpResponseCodec.java:200)
	at org.openqa.selenium.remote.codec.w3c.W3CHttpResponseCodec.decode(W3CHttpResponseCodec.java:133)
	at org.openqa.selenium.remote.codec.w3c.W3CHttpResponseCodec.decode(W3CHttpResponseCodec.java:52)
	at org.openqa.selenium.remote.HttpCommandExecutor.execute(HttpCommandExecutor.java:191)
	at org.openqa.selenium.remote.service.DriverCommandExecutor.invokeExecute(DriverCommandExecutor.java:200)
	at org.openqa.selenium.remote.service.DriverCommandExecutor.execute(DriverCommandExecutor.java:175)
	at org.openqa.selenium.remote.RemoteWebDriver.execute(RemoteWebDriver.java:607)
	at org.openqa.selenium.remote.ElementLocation$ElementFinder$2.findElement(ElementLocation.java:165)
	at org.openqa.selenium.remote.ElementLocation.findElement(ElementLocation.java:66)
	at org.openqa.selenium.remote.RemoteWebDriver.findElement(RemoteWebDriver.java:364)
	at org.openqa.selenium.remote.RemoteWebDriver.findElement(RemoteWebDriver.java:358)
	at com.simplilearn.testng.group.BrowserBasedGroupTest.testFailureLogin(BrowserBasedGroupTest.java:110)
</failure>
  </testcase>
  <testcase name="closeFireFox" classname="com.simplilearn.testng.group.BrowserBasedGroupTest" time="0">
    <skipped/>
  </testcase>
  <testcase name="testHomePageSourceUrl" classname="com.simplilearn.testng.group.BrowserBasedGroupTest" time="0">
    <skipped/>
  </testcase>
  <testcase name="testOne" classname="com.simplilearn.testng.AttributeGroupTest" time="0"/>
  <testcase name="testTwo" classname="com.simplilearn.testng.AttributeGroupTest" time="0.001"/>
  <testcase name="testAmazonHomePageTitle2" classname="com.simplilearn.testng.group.BrowserBasedGroupTest" time="0">
    <skipped/>
  </testcase>
  <testcase name="testSearch1" classname="com.simplilearn.testng.group.BrowserBasedGroupTest" time="0">
    <skipped/>
  </testcase>
  <testcase name="closeChrome" classname="com.simplilearn.testng.group.BrowserBasedGroupTest" time="0">
    <skipped/>
  </testcase>
</testsuite>