<?xml version="1.0" encoding="UTF-8"?>
<testsuite name="Surefire test"
           tests="2"
           failures="0"
           errors="0"
           skipped="0"
           time="6.917">
  <properties />
  
  
            <testcase name="tdLinkTest1" time="5.003" classname="com.simplilearn.testng.amazon.AmazonLinkVerificationCssSelectorTest" />
                <testcase name="tdLinkTest2" time="1.914" classname="com.simplilearn.testng.amazon.AmazonLinkVerificationCssSelectorTest" />
      
</testsuite>
